ENVIRONMENT: local
Loading model...
ENVIRONMENT: local
Loading model...
ENVIRONMENT: local
Loading model...
ENVIRONMENT: local
Loading model...
Headers: User-Agent: PostmanRuntime/7.20.1
Accept: */*
Cache-Control: no-cache
Postman-Token: a222fc83-5aed-4e6a-86cf-e718cbc04d0b
Host: 127.0.0.1:1313
Accept-Encoding: gzip, deflate
Connection: keep-alive


Body: b''
Headers: User-Agent: PostmanRuntime/7.20.1
Accept: */*
Cache-Control: no-cache
Postman-Token: 44a0f218-7a94-4002-b46e-ff527fdaa2ea
Host: 127.0.0.1:1313
Accept-Encoding: gzip, deflate
Content-Length: 0
Connection: keep-alive


Body: b''
ENVIRONMENT: local
Loading model...
ENVIRONMENT: local
Loading model...
ENVIRONMENT: local
Loading model...
ENVIRONMENT: local
Loading model...
ENVIRONMENT: local
Loading model...
ENVIRONMENT: local
Loading model...
ENVIRONMENT: local
Loading model...
None
None
ENVIRONMENT: local
Loading model...
ENVIRONMENT: local
Loading model...
ENVIRONMENT: local
Loading model...
ENVIRONMENT: local
Loading model...
ENVIRONMENT: local
Loading model...
ENVIRONMENT: local
Loading model...
ENVIRONMENT: local
Loading model...
ENVIRONMENT: local
Loading model...
ENVIRONMENT: local
Loading model...
ENVIRONMENT: local
Loading model...
ENVIRONMENT: local
Loading model...
ENVIRONMENT: local
Loading model...
ENVIRONMENT: local
Loading model...
ENVIRONMENT: local
Loading model...
